<?xml version="1.0" encoding="UTF-8"?>
<!-- Generated by org.testng.reporters.JUnitXMLReporter -->
<testsuite hostname="DESKTOP-SM48EEK" ignored="0" name="DemoOne" tests="5" failures="0" timestamp="16 May 2021 13:17:54 GMT" time="0.063" errors="0">
  <testcase name="show1" time="0.006" classname="demo.testng.Test1"/>
  <testcase name="show2" time="0.004" classname="demo.testng.Test1"/>
  <testcase name="firstDemo" time="0.002" classname="demo.testng.Test4"/>
  <testcase name="secondDemo" time="0.002" classname="demo.testng.Test4"/>
  <testcase name="display" time="0.004" classname="demo.testng.Test3"/>
</testsuite> <!-- DemoOne -->
